{"/home/kevin/Prueba-Tecnica_Front-end/src/App.tsx": {"path":"/home/kevin/Prueba-Tecnica_Front-end/src/App.tsx","statementMap":{"0":{"start":{"line":1,"column":0},"end":{"line":1,"column":74}},"1":{"start":{"line":2,"column":0},"end":{"line":2,"column":73}},"2":{"start":{"line":3,"column":0},"end":{"line":3,"column":48}},"3":{"start":{"line":4,"column":0},"end":{"line":4,"column":47}},"4":{"start":{"line":5,"column":0},"end":{"line":5,"column":46}},"5":{"start":{"line":6,"column":0},"end":{"line":6,"column":52}},"6":{"start":{"line":7,"column":0},"end":{"line":7,"column":43}},"7":{"start":{"line":8,"column":0},"end":{"line":8,"column":57}},"8":{"start":{"line":10,"column":20},"end":{"line":10,"column":37}},"9":{"start":{"line":12,"column":22},"end":{"line":28,"column":1}},"10":{"start":{"line":13,"column":2},"end":{"line":27,"column":4}},"11":{"start":{"line":30,"column":0},"end":{"line":30,"column":19}}},"fnMap":{"0":{"name":"(anonymous_0)","decl":{"start":{"line":12,"column":22},"end":{"line":12,"column":25}},"loc":{"start":{"line":12,"column":27},"end":{"line":28,"column":1}}}},"branchMap":{},"s":{"0":1,"1":1,"2":1,"3":1,"4":1,"5":1,"6":1,"7":1,"8":1,"9":1,"10":2,"11":1},"f":{"0":2},"b":{}}
,"/home/kevin/Prueba-Tecnica_Front-end/src/main.tsx": {"path":"/home/kevin/Prueba-Tecnica_Front-end/src/main.tsx","statementMap":{"0":{"start":{"line":1,"column":0},"end":{"line":1,"column":34}},"1":{"start":{"line":2,"column":0},"end":{"line":2,"column":45}},"2":{"start":{"line":4,"column":0},"end":{"line":4,"column":20}},"3":{"start":{"line":5,"column":0},"end":{"line":5,"column":23}},"4":{"start":{"line":7,"column":0},"end":{"line":11,"column":null}}},"fnMap":{},"branchMap":{},"s":{"0":0,"1":0,"2":0,"3":0,"4":0},"f":{},"b":{}}
,"/home/kevin/Prueba-Tecnica_Front-end/src/components/BarChartComponent.tsx": {"path":"/home/kevin/Prueba-Tecnica_Front-end/src/components/BarChartComponent.tsx","statementMap":{"0":{"start":{"line":1,"column":0},"end":{"line":1,"column":38}},"1":{"start":{"line":2,"column":0},"end":{"line":2,"column":null}},"2":{"start":{"line":13,"column":0},"end":{"line":13,"column":81}},"3":{"start":{"line":23,"column":26},"end":{"line":67,"column":1}},"4":{"start":{"line":25,"column":20},"end":{"line":36,"column":4}},"5":{"start":{"line":26,"column":31},"end":{"line":26,"column":51}},"6":{"start":{"line":30,"column":33},"end":{"line":30,"column":53}},"7":{"start":{"line":38,"column":18},"end":{"line":64,"column":4}},"8":{"start":{"line":66,"column":2},"end":{"line":66,"column":52}},"9":{"start":{"line":69,"column":0},"end":{"line":69,"column":33}}},"fnMap":{"0":{"name":"(anonymous_0)","decl":{"start":{"line":23,"column":26},"end":{"line":23,"column":31}},"loc":{"start":{"line":23,"column":98},"end":{"line":67,"column":1}}},"1":{"name":"(anonymous_1)","decl":{"start":{"line":26,"column":21},"end":{"line":26,"column":22}},"loc":{"start":{"line":26,"column":31},"end":{"line":26,"column":51}}},"2":{"name":"(anonymous_2)","decl":{"start":{"line":30,"column":23},"end":{"line":30,"column":24}},"loc":{"start":{"line":30,"column":33},"end":{"line":30,"column":53}}}},"branchMap":{},"s":{"0":2,"1":2,"2":2,"3":2,"4":1,"5":2,"6":2,"7":1,"8":1,"9":2},"f":{"0":1,"1":2,"2":2},"b":{}}
,"/home/kevin/Prueba-Tecnica_Front-end/src/components/Loader.tsx": {"path":"/home/kevin/Prueba-Tecnica_Front-end/src/components/Loader.tsx","statementMap":{"0":{"start":{"line":1,"column":32},"end":{"line":3,"column":1}},"1":{"start":{"line":2,"column":4},"end":{"line":2,"column":33}},"2":{"start":{"line":1,"column":13},"end":{"line":1,"column":32}}},"fnMap":{"0":{"name":"(anonymous_0)","decl":{"start":{"line":1,"column":32},"end":{"line":1,"column":35}},"loc":{"start":{"line":1,"column":37},"end":{"line":3,"column":1}}}},"branchMap":{},"s":{"0":3,"1":5,"2":3},"f":{"0":5},"b":{}}
,"/home/kevin/Prueba-Tecnica_Front-end/src/components/SearchBar.tsx": {"path":"/home/kevin/Prueba-Tecnica_Front-end/src/components/SearchBar.tsx","statementMap":{"0":{"start":{"line":1,"column":0},"end":{"line":1,"column":33}},"1":{"start":{"line":2,"column":0},"end":{"line":2,"column":26}},"2":{"start":{"line":8,"column":44},"end":{"line":32,"column":1}},"3":{"start":{"line":9,"column":28},"end":{"line":9,"column":48}},"4":{"start":{"line":11,"column":23},"end":{"line":16,"column":3}},"5":{"start":{"line":12,"column":4},"end":{"line":12,"column":23}},"6":{"start":{"line":13,"column":4},"end":{"line":15,"column":5}},"7":{"start":{"line":14,"column":6},"end":{"line":14,"column":22}},"8":{"start":{"line":18,"column":2},"end":{"line":31,"column":4}},"9":{"start":{"line":23,"column":25},"end":{"line":23,"column":49}},"10":{"start":{"line":34,"column":0},"end":{"line":34,"column":25}}},"fnMap":{"0":{"name":"(anonymous_0)","decl":{"start":{"line":8,"column":44},"end":{"line":8,"column":45}},"loc":{"start":{"line":8,"column":61},"end":{"line":32,"column":1}}},"1":{"name":"(anonymous_1)","decl":{"start":{"line":11,"column":23},"end":{"line":11,"column":24}},"loc":{"start":{"line":11,"column":63},"end":{"line":16,"column":3}}},"2":{"name":"(anonymous_2)","decl":{"start":{"line":23,"column":18},"end":{"line":23,"column":19}},"loc":{"start":{"line":23,"column":25},"end":{"line":23,"column":49}}}},"branchMap":{"0":{"loc":{"start":{"line":13,"column":4},"end":{"line":15,"column":5}},"type":"if","locations":[{"start":{"line":13,"column":4},"end":{"line":15,"column":5}}]}},"s":{"0":3,"1":3,"2":3,"3":11,"4":11,"5":2,"6":2,"7":1,"8":11,"9":2,"10":3},"f":{"0":11,"1":2,"2":2},"b":{"0":[1]}}
,"/home/kevin/Prueba-Tecnica_Front-end/src/components/Wrapper.tsx": {"path":"/home/kevin/Prueba-Tecnica_Front-end/src/components/Wrapper.tsx","statementMap":{"0":{"start":{"line":2,"column":0},"end":{"line":2,"column":24}},"1":{"start":{"line":8,"column":40},"end":{"line":10,"column":1}},"2":{"start":{"line":9,"column":4},"end":{"line":9,"column":53}},"3":{"start":{"line":12,"column":0},"end":{"line":12,"column":23}}},"fnMap":{"0":{"name":"(anonymous_0)","decl":{"start":{"line":8,"column":40},"end":{"line":8,"column":41}},"loc":{"start":{"line":8,"column":57},"end":{"line":10,"column":1}}}},"branchMap":{},"s":{"0":1,"1":1,"2":2,"3":1},"f":{"0":2},"b":{}}
,"/home/kevin/Prueba-Tecnica_Front-end/src/context/SearchContext.tsx": {"path":"/home/kevin/Prueba-Tecnica_Front-end/src/context/SearchContext.tsx","statementMap":{"0":{"start":{"line":1,"column":0},"end":{"line":1,"column":60}},"1":{"start":{"line":2,"column":0},"end":{"line":2,"column":49}},"2":{"start":{"line":4,"column":0},"end":{"line":4,"column":39}},"3":{"start":{"line":6,"column":0},"end":{"line":6,"column":75}},"4":{"start":{"line":16,"column":22},"end":{"line":16,"column":77}},"5":{"start":{"line":18,"column":71},"end":{"line":41,"column":1}},"6":{"start":{"line":19,"column":28},"end":{"line":19,"column":48}},"7":{"start":{"line":21,"column":51},"end":{"line":26,"column":4}},"8":{"start":{"line":23,"column":19},"end":{"line":23,"column":37}},"9":{"start":{"line":28,"column":23},"end":{"line":34,"column":3}},"10":{"start":{"line":29,"column":4},"end":{"line":32,"column":5}},"11":{"start":{"line":30,"column":6},"end":{"line":30,"column":96}},"12":{"start":{"line":31,"column":6},"end":{"line":31,"column":13}},"13":{"start":{"line":33,"column":4},"end":{"line":33,"column":26}},"14":{"start":{"line":36,"column":2},"end":{"line":40,"column":4}},"15":{"start":{"line":18,"column":13},"end":{"line":18,"column":71}},"16":{"start":{"line":43,"column":25},"end":{"line":49,"column":1}},"17":{"start":{"line":44,"column":18},"end":{"line":44,"column":43}},"18":{"start":{"line":45,"column":2},"end":{"line":47,"column":3}},"19":{"start":{"line":46,"column":4},"end":{"line":46,"column":70}},"20":{"start":{"line":48,"column":2},"end":{"line":48,"column":17}},"21":{"start":{"line":43,"column":13},"end":{"line":43,"column":25}}},"fnMap":{"0":{"name":"(anonymous_0)","decl":{"start":{"line":18,"column":71},"end":{"line":18,"column":72}},"loc":{"start":{"line":18,"column":88},"end":{"line":41,"column":1}}},"1":{"name":"(anonymous_1)","decl":{"start":{"line":23,"column":13},"end":{"line":23,"column":16}},"loc":{"start":{"line":23,"column":19},"end":{"line":23,"column":37}}},"2":{"name":"(anonymous_2)","decl":{"start":{"line":28,"column":23},"end":{"line":28,"column":24}},"loc":{"start":{"line":28,"column":47},"end":{"line":34,"column":3}}},"3":{"name":"(anonymous_3)","decl":{"start":{"line":43,"column":25},"end":{"line":43,"column":28}},"loc":{"start":{"line":43,"column":30},"end":{"line":49,"column":1}}}},"branchMap":{"0":{"loc":{"start":{"line":21,"column":16},"end":{"line":21,"column":26}},"type":"default-arg","locations":[{"start":{"line":21,"column":24},"end":{"line":21,"column":26}}]},"1":{"loc":{"start":{"line":29,"column":4},"end":{"line":32,"column":5}},"type":"if","locations":[{"start":{"line":29,"column":4},"end":{"line":32,"column":5}}]},"2":{"loc":{"start":{"line":29,"column":8},"end":{"line":29,"column":77}},"type":"binary-expr","locations":[{"start":{"line":29,"column":8},"end":{"line":29,"column":30}},{"start":{"line":29,"column":34},"end":{"line":29,"column":77}}]},"3":{"loc":{"start":{"line":45,"column":2},"end":{"line":47,"column":3}},"type":"if","locations":[{"start":{"line":45,"column":2},"end":{"line":47,"column":3}}]}},"s":{"0":3,"1":3,"2":3,"3":3,"4":3,"5":3,"6":7,"7":7,"8":0,"9":7,"10":2,"11":2,"12":2,"13":0,"14":7,"15":3,"16":3,"17":4,"18":4,"19":0,"20":4,"21":3},"f":{"0":7,"1":0,"2":2,"3":4},"b":{"0":[4],"1":[2],"2":[2,1],"3":[0]}}
,"/home/kevin/Prueba-Tecnica_Front-end/src/domains/users/components/UserList.tsx": {"path":"/home/kevin/Prueba-Tecnica_Front-end/src/domains/users/components/UserList.tsx","statementMap":{"0":{"start":{"line":1,"column":0},"end":{"line":1,"column":40}},"1":{"start":{"line":2,"column":0},"end":{"line":2,"column":25}},"2":{"start":{"line":10,"column":42},"end":{"line":23,"column":1}},"3":{"start":{"line":11,"column":4},"end":{"line":22,"column":6}},"4":{"start":{"line":14,"column":16},"end":{"line":14,"column":34}},"5":{"start":{"line":25,"column":0},"end":{"line":25,"column":24}}},"fnMap":{"0":{"name":"(anonymous_0)","decl":{"start":{"line":10,"column":42},"end":{"line":10,"column":43}},"loc":{"start":{"line":10,"column":56},"end":{"line":23,"column":1}}},"1":{"name":"(anonymous_1)","decl":{"start":{"line":13,"column":23},"end":{"line":13,"column":27}},"loc":{"start":{"line":14,"column":16},"end":{"line":14,"column":34}}}},"branchMap":{},"s":{"0":3,"1":3,"2":3,"3":4,"4":8,"5":3},"f":{"0":4,"1":8},"b":{}}
,"/home/kevin/Prueba-Tecnica_Front-end/src/domains/users/pages/Home.tsx": {"path":"/home/kevin/Prueba-Tecnica_Front-end/src/domains/users/pages/Home.tsx","statementMap":{"0":{"start":{"line":1,"column":0},"end":{"line":1,"column":54}},"1":{"start":{"line":2,"column":0},"end":{"line":2,"column":46}},"2":{"start":{"line":3,"column":0},"end":{"line":3,"column":70}},"3":{"start":{"line":4,"column":0},"end":{"line":4,"column":50}},"4":{"start":{"line":5,"column":0},"end":{"line":5,"column":59}},"5":{"start":{"line":8,"column":23},"end":{"line":35,"column":1}},"6":{"start":{"line":9,"column":54},"end":{"line":9,"column":65}},"7":{"start":{"line":11,"column":2},"end":{"line":34,"column":4}},"8":{"start":{"line":37,"column":0},"end":{"line":37,"column":20}}},"fnMap":{"0":{"name":"(anonymous_0)","decl":{"start":{"line":8,"column":23},"end":{"line":8,"column":26}},"loc":{"start":{"line":8,"column":28},"end":{"line":35,"column":1}}}},"branchMap":{"0":{"loc":{"start":{"line":15,"column":7},"end":{"line":31,"column":null}},"type":"cond-expr","locations":[{"start":{"line":16,"column":8},"end":{"line":16,"column":18}},{"start":{"line":17,"column":10},"end":{"line":31,"column":null}}]},"1":{"loc":{"start":{"line":17,"column":10},"end":{"line":31,"column":null}},"type":"cond-expr","locations":[{"start":{"line":18,"column":8},"end":{"line":18,"column":44}},{"start":{"line":19,"column":10},"end":{"line":31,"column":null}}]},"2":{"loc":{"start":{"line":19,"column":10},"end":{"line":31,"column":null}},"type":"cond-expr","locations":[{"start":{"line":20,"column":8},"end":{"line":28,"column":null}},{"start":{"line":31,"column":8},"end":{"line":31,"column":60}}]},"3":{"loc":{"start":{"line":19,"column":10},"end":{"line":19,"column":35}},"type":"binary-expr","locations":[{"start":{"line":19,"column":10},"end":{"line":19,"column":15}},{"start":{"line":19,"column":19},"end":{"line":19,"column":35}}]}},"s":{"0":2,"1":2,"2":2,"3":2,"4":2,"5":2,"6":5,"7":5,"8":2},"f":{"0":5},"b":{"0":[1,4],"1":[1,3],"2":[1,2],"3":[3,3]}}
,"/home/kevin/Prueba-Tecnica_Front-end/src/domains/users/pages/Profile.tsx": {"path":"/home/kevin/Prueba-Tecnica_Front-end/src/domains/users/pages/Profile.tsx","statementMap":{"0":{"start":{"line":1,"column":0},"end":{"line":1,"column":45}},"1":{"start":{"line":2,"column":0},"end":{"line":2,"column":45}},"2":{"start":{"line":3,"column":0},"end":{"line":3,"column":50}},"3":{"start":{"line":4,"column":0},"end":{"line":4,"column":57}},"4":{"start":{"line":9,"column":26},"end":{"line":49,"column":1}},"5":{"start":{"line":10,"column":25},"end":{"line":10,"column":58}},"6":{"start":{"line":11,"column":28},"end":{"line":11,"column":55}},"7":{"start":{"line":12,"column":34},"end":{"line":12,"column":57}},"8":{"start":{"line":13,"column":30},"end":{"line":13,"column":59}},"9":{"start":{"line":15,"column":4},"end":{"line":32,"column":19}},"10":{"start":{"line":16,"column":26},"end":{"line":29,"column":10}},"11":{"start":{"line":16,"column":37},"end":{"line":29,"column":10}},"12":{"start":{"line":17,"column":12},"end":{"line":17,"column":34}},"13":{"start":{"line":17,"column":27},"end":{"line":17,"column":34}},"14":{"start":{"line":19,"column":12},"end":{"line":28,"column":13}},"15":{"start":{"line":20,"column":36},"end":{"line":20,"column":59}},"16":{"start":{"line":21,"column":16},"end":{"line":21,"column":37}},"17":{"start":{"line":22,"column":16},"end":{"line":22,"column":31}},"18":{"start":{"line":24,"column":16},"end":{"line":24,"column":56}},"19":{"start":{"line":25,"column":16},"end":{"line":25,"column":59}},"20":{"start":{"line":27,"column":16},"end":{"line":27,"column":34}},"21":{"start":{"line":31,"column":8},"end":{"line":31,"column":20}},"22":{"start":{"line":34,"column":4},"end":{"line":34,"column":35}},"23":{"start":{"line":34,"column":17},"end":{"line":34,"column":35}},"24":{"start":{"line":35,"column":4},"end":{"line":35,"column":37}},"25":{"start":{"line":35,"column":15},"end":{"line":35,"column":37}},"26":{"start":{"line":37,"column":4},"end":{"line":48,"column":6}},"27":{"start":{"line":51,"column":0},"end":{"line":51,"column":23}}},"fnMap":{"0":{"name":"(anonymous_7)","decl":{"start":{"line":9,"column":26},"end":{"line":9,"column":29}},"loc":{"start":{"line":9,"column":31},"end":{"line":49,"column":1}}},"1":{"name":"(anonymous_8)","decl":{"start":{"line":15,"column":14},"end":{"line":15,"column":17}},"loc":{"start":{"line":15,"column":19},"end":{"line":32,"column":5}}},"2":{"name":"(anonymous_9)","decl":{"start":{"line":16,"column":26},"end":{"line":16,"column":35}},"loc":{"start":{"line":16,"column":37},"end":{"line":29,"column":10}}},"3":{"name":"(anonymous_10)","decl":{"start":{"line":16,"column":37},"end":{"line":16,"column":null}},"loc":{"start":{"line":16,"column":37},"end":{"line":29,"column":9}}}},"branchMap":{"0":{"loc":{"start":{"line":17,"column":12},"end":{"line":17,"column":34}},"type":"if","locations":[{"start":{"line":17,"column":12},"end":{"line":17,"column":34}}]},"1":{"loc":{"start":{"line":34,"column":4},"end":{"line":34,"column":35}},"type":"if","locations":[{"start":{"line":34,"column":4},"end":{"line":34,"column":35}}]},"2":{"loc":{"start":{"line":35,"column":4},"end":{"line":35,"column":37}},"type":"if","locations":[{"start":{"line":35,"column":4},"end":{"line":35,"column":37}}]},"3":{"loc":{"start":{"line":39,"column":13},"end":{"line":45,"column":null}},"type":"binary-expr","locations":[{"start":{"line":39,"column":13},"end":{"line":39,"column":17}},{"start":{"line":40,"column":16},"end":{"line":43,"column":null}}]},"4":{"loc":{"start":{"line":41,"column":25},"end":{"line":41,"column":48}},"type":"binary-expr","locations":[{"start":{"line":41,"column":25},"end":{"line":41,"column":34}},{"start":{"line":41,"column":38},"end":{"line":41,"column":48}}]}},"s":{"0":2,"1":2,"2":2,"3":2,"4":2,"5":8,"6":7,"7":7,"8":7,"9":7,"10":4,"11":4,"12":4,"13":0,"14":4,"15":4,"16":2,"17":2,"18":2,"19":2,"20":4,"21":4,"22":7,"23":4,"24":3,"25":2,"26":1,"27":2},"f":{"0":8,"1":4,"2":4,"3":4},"b":{"0":[0],"1":[4],"2":[2],"3":[1,1],"4":[1,0]}}
}
