TN:
SF:src/App.tsx
FN:12,(anonymous_0)
FNF:1
FNH:1
FNDA:2,(anonymous_0)
DA:1,1
DA:2,1
DA:3,1
DA:4,1
DA:5,1
DA:6,1
DA:7,1
DA:8,1
DA:10,1
DA:12,1
DA:13,2
DA:30,1
LF:12
LH:12
BRF:0
BRH:0
end_of_record
TN:
SF:src/main.tsx
FNF:0
FNH:0
DA:1,0
DA:2,0
DA:4,0
DA:5,0
DA:7,0
LF:5
LH:0
BRF:0
BRH:0
end_of_record
TN:
SF:src/components/BarChartComponent.tsx
FN:23,(anonymous_0)
FN:26,(anonymous_1)
FN:30,(anonymous_2)
FNF:3
FNH:3
FNDA:1,(anonymous_0)
FNDA:2,(anonymous_1)
FNDA:2,(anonymous_2)
DA:1,2
DA:2,2
DA:13,2
DA:23,2
DA:25,1
DA:26,2
DA:30,2
DA:38,1
DA:66,1
DA:69,2
LF:10
LH:10
BRF:0
BRH:0
end_of_record
TN:
SF:src/components/Loader.tsx
FN:1,(anonymous_0)
FNF:1
FNH:1
FNDA:5,(anonymous_0)
DA:1,3
DA:2,5
LF:2
LH:2
BRF:0
BRH:0
end_of_record
TN:
SF:src/components/SearchBar.tsx
FN:8,(anonymous_0)
FN:11,(anonymous_1)
FN:23,(anonymous_2)
FNF:3
FNH:3
FNDA:11,(anonymous_0)
FNDA:2,(anonymous_1)
FNDA:2,(anonymous_2)
DA:1,3
DA:2,3
DA:8,3
DA:9,11
DA:11,11
DA:12,2
DA:13,2
DA:14,1
DA:18,11
DA:23,2
DA:34,3
LF:11
LH:11
BRDA:13,0,0,1
BRF:1
BRH:1
end_of_record
TN:
SF:src/components/Wrapper.tsx
FN:8,(anonymous_0)
FNF:1
FNH:1
FNDA:2,(anonymous_0)
DA:2,1
DA:8,1
DA:9,2
DA:12,1
LF:4
LH:4
BRF:0
BRH:0
end_of_record
TN:
SF:src/context/SearchContext.tsx
FN:18,(anonymous_0)
FN:23,(anonymous_1)
FN:28,(anonymous_2)
FN:43,(anonymous_3)
FNF:4
FNH:3
FNDA:7,(anonymous_0)
FNDA:0,(anonymous_1)
FNDA:2,(anonymous_2)
FNDA:4,(anonymous_3)
DA:1,3
DA:2,3
DA:4,3
DA:6,3
DA:16,3
DA:18,3
DA:19,7
DA:21,7
DA:23,0
DA:28,7
DA:29,2
DA:30,2
DA:31,2
DA:33,0
DA:36,7
DA:43,3
DA:44,4
DA:45,4
DA:46,0
DA:48,4
LF:20
LH:17
BRDA:21,0,0,4
BRDA:29,1,0,2
BRDA:29,2,0,2
BRDA:29,2,1,1
BRDA:45,3,0,0
BRF:5
BRH:4
end_of_record
TN:
SF:src/domains/users/components/UserList.tsx
FN:10,(anonymous_0)
FN:13,(anonymous_1)
FNF:2
FNH:2
FNDA:4,(anonymous_0)
FNDA:8,(anonymous_1)
DA:1,3
DA:2,3
DA:10,3
DA:11,4
DA:14,8
DA:25,3
LF:6
LH:6
BRF:0
BRH:0
end_of_record
TN:
SF:src/domains/users/pages/Home.tsx
FN:8,(anonymous_0)
FNF:1
FNH:1
FNDA:5,(anonymous_0)
DA:1,2
DA:2,2
DA:3,2
DA:4,2
DA:5,2
DA:8,2
DA:9,5
DA:11,5
DA:37,2
LF:9
LH:9
BRDA:15,0,0,1
BRDA:15,0,1,4
BRDA:17,1,0,1
BRDA:17,1,1,3
BRDA:19,2,0,1
BRDA:19,2,1,2
BRDA:19,3,0,3
BRDA:19,3,1,3
BRF:8
BRH:8
end_of_record
TN:
SF:src/domains/users/pages/Profile.tsx
FN:9,(anonymous_7)
FN:15,(anonymous_8)
FN:16,(anonymous_9)
FN:16,(anonymous_10)
FNF:4
FNH:4
FNDA:8,(anonymous_7)
FNDA:4,(anonymous_8)
FNDA:4,(anonymous_9)
FNDA:4,(anonymous_10)
DA:1,2
DA:2,2
DA:3,2
DA:4,2
DA:9,2
DA:10,8
DA:11,7
DA:12,7
DA:13,7
DA:15,7
DA:16,4
DA:17,4
DA:19,4
DA:20,4
DA:21,2
DA:22,2
DA:24,2
DA:25,2
DA:27,4
DA:31,4
DA:34,7
DA:35,3
DA:37,1
DA:51,2
LF:24
LH:24
BRDA:17,0,0,0
BRDA:34,1,0,4
BRDA:35,2,0,2
BRDA:39,3,0,1
BRDA:39,3,1,1
BRDA:41,4,0,1
BRDA:41,4,1,0
BRF:7
BRH:5
end_of_record
